<?xml version="1.0" encoding="UTF-8"?>
<testsuite xmlns:xsi="http://www.w3.org/2001/XMLSchema-instance" xsi:noNamespaceSchemaLocation="https://maven.apache.org/surefire/maven-surefire-plugin/xsd/surefire-test-report.xsd" version="3.0.2" name="com.demo.MyEurekaServer.MyEurekaServerApplicationTests" time="4.763" tests="1" errors="0" skipped="0" failures="0">
  <properties>
[...]
</properties>
  <testcase name="contextLoads" classname="com.demo.MyEurekaServer.MyEurekaServerApplicationTests" time="0.695">
    <system-out><![CDATA[19:28:25.370 [main] INFO org.springframework.test.context.support.AnnotationConfigContextLoaderUtils -- Could not detect default configuration classes for test class [com.demo.MyEurekaServer.MyEurekaServerApplicationTests]: MyEurekaServerApplicationTests does not declare any static, non-private, non-final, nested classes annotated with @Configuration.
19:28:25.489 [main] INFO org.springframework.boot.test.context.SpringBootTestContextBootstrapper -- Found @SpringBootConfiguration com.demo.MyEurekaServer.MyEurekaServerApplication for test class com.demo.MyEurekaServer.MyEurekaServerApplicationTests
19:28:25.790 [main] INFO org.springframework.boot.devtools.restart.RestartApplicationListener -- Restart disabled due to context in which it is running

  .   ____          _            __ _ _
 /\\ / ___'_ __ _ _(_)_ __  __ _ \ \ \ \
( ( )\___ | '_ | '_| | '_ \/ _` | \ \ \ \
 \\/  ___)| |_)| | | | | || (_| |  ) ) ) )
  '  |____| .__|_| |_|_| |_\__, | / / / /
 =========|_|==============|___/=/_/_/_/

 :: Spring Boot ::                (v3.5.8)

2025-12-09T19:28:26.121+05:30  INFO 74800 --- [MyEurekaServer] [           main] c.d.M.MyEurekaServerApplicationTests     : Starting MyEurekaServerApplicationTests using Java 21.0.4 with PID 74800 (started by anilk in E:\IET sept25 Springframework)\MyEurekaServer (1)\MyEurekaServer)
2025-12-09T19:28:26.122+05:30  INFO 74800 --- [MyEurekaServer] [           main] c.d.M.MyEurekaServerApplicationTests     : No active profile set, falling back to 1 default profile: "default"
2025-12-09T19:28:27.201+05:30  INFO 74800 --- [MyEurekaServer] [           main] o.s.cloud.context.scope.GenericScope     : BeanFactory id=87ac5c59-551f-3906-80f8-3fcc7b65e07a
2025-12-09T19:28:27.655+05:30  INFO 74800 --- [MyEurekaServer] [           main] o.s.v.b.OptionalValidatorFactoryBean     : Failed to set up a Bean Validation provider: jakarta.validation.NoProviderFoundException: Unable to create a Configuration, because no Jakarta Bean Validation provider could be found. Add a provider like Hibernate Validator (RI) to your classpath.
2025-12-09T19:28:28.464+05:30  WARN 74800 --- [MyEurekaServer] [           main] iguration$LoadBalancerCaffeineWarnLogger : Spring Cloud LoadBalancer is currently working with the default cache. While this cache implementation is useful for development and tests, it's recommended to use Caffeine cache in production.You can switch to using Caffeine cache, by adding it and org.springframework.cache.caffeine.CaffeineCacheManager to the classpath.
2025-12-09T19:28:28.711+05:30  INFO 74800 --- [MyEurekaServer] [           main] o.s.c.n.eureka.InstanceInfoFactory       : Setting initial instance status as: STARTING
2025-12-09T19:28:28.739+05:30  INFO 74800 --- [MyEurekaServer] [           main] com.netflix.discovery.DiscoveryClient    : Initializing Eureka in region us-east-1
2025-12-09T19:28:28.741+05:30  INFO 74800 --- [MyEurekaServer] [           main] com.netflix.discovery.DiscoveryClient    : Client configured to neither register nor query for data.
2025-12-09T19:28:28.743+05:30  INFO 74800 --- [MyEurekaServer] [           main] com.netflix.discovery.DiscoveryClient    : Discovery Client initialized at timestamp 1765288708742 with initial instances count: 0
2025-12-09T19:28:28.789+05:30  INFO 74800 --- [MyEurekaServer] [           main] c.n.eureka.DefaultEurekaServerContext    : Initializing ...
2025-12-09T19:28:28.790+05:30  INFO 74800 --- [MyEurekaServer] [           main] c.n.eureka.cluster.PeerEurekaNodes       : Adding new peer nodes [http://localhost:8761/eureka/]
2025-12-09T19:28:28.955+05:30  INFO 74800 --- [MyEurekaServer] [           main] c.n.d.provider.DiscoveryJerseyProvider   : Using JSON encoding codec LegacyJacksonJson
2025-12-09T19:28:28.955+05:30  INFO 74800 --- [MyEurekaServer] [           main] c.n.d.provider.DiscoveryJerseyProvider   : Using JSON decoding codec LegacyJacksonJson
2025-12-09T19:28:28.955+05:30  INFO 74800 --- [MyEurekaServer] [           main] c.n.d.provider.DiscoveryJerseyProvider   : Using XML encoding codec XStreamXml
2025-12-09T19:28:28.955+05:30  INFO 74800 --- [MyEurekaServer] [           main] c.n.d.provider.DiscoveryJerseyProvider   : Using XML decoding codec XStreamXml
2025-12-09T19:28:29.011+05:30  INFO 74800 --- [MyEurekaServer] [           main] c.n.eureka.cluster.PeerEurekaNodes       : Replica node URL:  http://localhost:8761/eureka/
2025-12-09T19:28:29.019+05:30  INFO 74800 --- [MyEurekaServer] [           main] c.n.e.registry.AbstractInstanceRegistry  : Finished initializing remote region registries. All known remote regions: []
2025-12-09T19:28:29.019+05:30  INFO 74800 --- [MyEurekaServer] [           main] c.n.eureka.DefaultEurekaServerContext    : Initialized
2025-12-09T19:28:29.108+05:30  INFO 74800 --- [MyEurekaServer] [           main] o.s.b.a.e.web.EndpointLinksResolver      : Exposing 1 endpoint beneath base path '/actuator'
2025-12-09T19:28:29.162+05:30  INFO 74800 --- [MyEurekaServer] [           main] o.s.c.n.e.s.EurekaServiceRegistry        : Registering application MYEUREKASERVER with eureka with status UP
2025-12-09T19:28:29.174+05:30  INFO 74800 --- [MyEurekaServer] [      Thread-11] o.s.c.n.e.server.EurekaServerBootstrap   : isAws returned false
2025-12-09T19:28:29.174+05:30  INFO 74800 --- [MyEurekaServer] [      Thread-11] o.s.c.n.e.server.EurekaServerBootstrap   : Initialized server context
2025-12-09T19:28:29.174+05:30  INFO 74800 --- [MyEurekaServer] [      Thread-11] c.n.e.r.PeerAwareInstanceRegistryImpl    : Got 1 instances from neighboring DS node
2025-12-09T19:28:29.174+05:30  INFO 74800 --- [MyEurekaServer] [      Thread-11] c.n.e.r.PeerAwareInstanceRegistryImpl    : Renew threshold is: 1
2025-12-09T19:28:29.176+05:30  INFO 74800 --- [MyEurekaServer] [      Thread-11] c.n.e.r.PeerAwareInstanceRegistryImpl    : Changing status to UP
2025-12-09T19:28:29.179+05:30  INFO 74800 --- [MyEurekaServer] [      Thread-11] e.s.EurekaServerInitializerConfiguration : Started Eureka Server
2025-12-09T19:28:29.179+05:30  INFO 74800 --- [MyEurekaServer] [           main] c.d.M.MyEurekaServerApplicationTests     : Started MyEurekaServerApplicationTests in 3.401 seconds (process running for 4.513)
]]></system-out>
    <system-err><![CDATA[Mockito is currently self-attaching to enable the inline-mock-maker. This will no longer work in future releases of the JDK. Please add Mockito as an agent to your build as described in Mockito's documentation: https://javadoc.io/doc/org.mockito/mockito-core/latest/org.mockito/org/mockito/Mockito.html#0.3
WARNING: A Java agent has been loaded dynamically (C:\Users\anilk\.m2\repository\net\bytebuddy\byte-buddy-agent\1.17.8\byte-buddy-agent-1.17.8.jar)
WARNING: If a serviceability tool is in use, please run with -XX:+EnableDynamicAgentLoading to hide this warning
WARNING: If a serviceability tool is not in use, please run with -Djdk.instrument.traceUsage for more information
WARNING: Dynamic loading of agents will be disallowed by default in a future release
]]></system-err>
  </testcase>
</testsuite>